# JRE version: Java(TM) SE Runtime Environment (8.0_144-b01) (build 1.8.0_144-b01)
# Java VM: Java HotSpot(TM) 64-Bit Server VM (25.144-b01 mixed mode windows-amd64 compressed oops)
Heap:
 PSYoungGen      total 57856K, used 49301K [0x00000000f0600000, 0x00000000ff780000, 0x0000000100000000)
  eden space 57344K, 85% used [0x00000000f0600000,0x00000000f361d418,0x00000000f3e00000)
  from space 512K, 6% used [0x00000000ff680000,0x00000000ff688000,0x00000000ff700000)
  to   space 512K, 0% used [0x00000000ff700000,0x00000000ff700000,0x00000000ff780000)
 ParOldGen       total 32768K, used 728K [0x00000000d1200000, 0x00000000d3200000, 0x00000000f0600000)
  object space 32768K, 2% used [0x00000000d1200000,0x00000000d12b6050,0x00000000d3200000)
 Metaspace       used 4665K, capacity 4852K, committed 4992K, reserved 1056768K
  class space    used 527K, capacity 576K, committed 640K, reserved 1048576K
GC Heap History (10 events):
Event: 83.255 GC heap before
{Heap before GC invocations=31 (full 0):
 PSYoungGen      total 69632K, used 69216K [0x00000000f0600000, 0x00000000ff780000, 0x0000000100000000)
  eden space 69120K, 100% used [0x00000000f0600000,0x00000000f4980000,0x00000000f4980000)
  from space 512K, 18% used [0x00000000ff700000,0x00000000ff718000,0x00000000ff780000)
  to   space 512K, 0% used [0x00000000ff680000,0x00000000ff680000,0x00000000ff700000)
 ParOldGen       total 32768K, used 728K [0x00000000d1200000, 0x00000000d3200000, 0x00000000f0600000)
  object space 32768K, 2% used [0x00000000d1200000,0x00000000d12b6050,0x00000000d3200000)
 Metaspace       used 4663K, capacity 4852K, committed 4992K, reserved 1056768K
  class space    used 527K, capacity 576K, committed 640K, reserved 1048576K
Event: 83.255 GC heap after
Heap after GC invocations=31 (full 0):
 PSYoungGen      total 67072K, used 64K [0x00000000f0600000, 0x00000000ff780000, 0x0000000100000000)
  eden space 66560K, 0% used [0x00000000f0600000,0x00000000f0600000,0x00000000f4700000)
  from space 512K, 12% used [0x00000000ff680000,0x00000000ff690000,0x00000000ff700000)
  to   space 512K, 0% used [0x00000000ff700000,0x00000000ff700000,0x00000000ff780000)
 ParOldGen       total 32768K, used 728K [0x00000000d1200000, 0x00000000d3200000, 0x00000000f0600000)
  object space 32768K, 2% used [0x00000000d1200000,0x00000000d12b6050,0x00000000d3200000)
 Metaspace       used 4663K, capacity 4852K, committed 4992K, reserved 1056768K
  class space    used 527K, capacity 576K, committed 640K, reserved 1048576K
}
Event: 84.443 GC heap before
{Heap before GC invocations=32 (full 0):
 PSYoungGen      total 67072K, used 66624K [0x00000000f0600000, 0x00000000ff780000, 0x0000000100000000)
  eden space 66560K, 100% used [0x00000000f0600000,0x00000000f4700000,0x00000000f4700000)
  from space 512K, 12% used [0x00000000ff680000,0x00000000ff690000,0x00000000ff700000)
  to   space 512K, 0% used [0x00000000ff700000,0x00000000ff700000,0x00000000ff780000)
 ParOldGen       total 32768K, used 728K [0x00000000d1200000, 0x00000000d3200000, 0x00000000f0600000)
  object space 32768K, 2% used [0x00000000d1200000,0x00000000d12b6050,0x00000000d3200000)
 Metaspace       used 4663K, capacity 4852K, committed 4992K, reserved 1056768K
  class space    used 527K, capacity 576K, committed 640K, reserved 1048576K
Event: 84.443 GC heap after
Heap after GC invocations=32 (full 0):
 PSYoungGen      total 64512K, used 96K [0x00000000f0600000, 0x00000000ff780000, 0x0000000100000000)
  eden space 64000K, 0% used [0x00000000f0600000,0x00000000f0600000,0x00000000f4480000)
  from space 512K, 18% used [0x00000000ff700000,0x00000000ff718000,0x00000000ff780000)
  to   space 512K, 0% used [0x00000000ff680000,0x00000000ff680000,0x00000000ff700000)
 ParOldGen       total 32768K, used 728K [0x00000000d1200000, 0x00000000d3200000, 0x00000000f0600000)
  object space 32768K, 2% used [0x00000000d1200000,0x00000000d12b6050,0x00000000d3200000)
 Metaspace       used 4663K, capacity 4852K, committed 4992K, reserved 1056768K
  class space    used 527K, capacity 576K, committed 640K, reserved 1048576K
}
Event: 85.619 GC heap before
{Heap before GC invocations=33 (full 0):
 PSYoungGen      total 64512K, used 64096K [0x00000000f0600000, 0x00000000ff780000, 0x0000000100000000)
  eden space 64000K, 100% used [0x00000000f0600000,0x00000000f4480000,0x00000000f4480000)
  from space 512K, 18% used [0x00000000ff700000,0x00000000ff718000,0x00000000ff780000)
  to   space 512K, 0% used [0x00000000ff680000,0x00000000ff680000,0x00000000ff700000)
 ParOldGen       total 32768K, used 728K [0x00000000d1200000, 0x00000000d3200000, 0x00000000f0600000)
  object space 32768K, 2% used [0x00000000d1200000,0x00000000d12b6050,0x00000000d3200000)
 Metaspace       used 4663K, capacity 4852K, committed 4992K, reserved 1056768K
  class space    used 527K, capacity 576K, committed 640K, reserved 1048576K
Event: 85.622 GC heap after
Heap after GC invocations=33 (full 0):
 PSYoungGen      total 61952K, used 96K [0x00000000f0600000, 0x00000000ff780000, 0x0000000100000000)
  eden space 61440K, 0% used [0x00000000f0600000,0x00000000f0600000,0x00000000f4200000)
  from space 512K, 18% used [0x00000000ff680000,0x00000000ff698000,0x00000000ff700000)
  to   space 512K, 0% used [0x00000000ff700000,0x00000000ff700000,0x00000000ff780000)
 ParOldGen       total 32768K, used 728K [0x00000000d1200000, 0x00000000d3200000, 0x00000000f0600000)
  object space 32768K, 2% used [0x00000000d1200000,0x00000000d12b6050,0x00000000d3200000)
 Metaspace       used 4663K, capacity 4852K, committed 4992K, reserved 1056768K
  class space    used 527K, capacity 576K, committed 640K, reserved 1048576K
}
Event: 86.753 GC heap before
{Heap before GC invocations=34 (full 0):
 PSYoungGen      total 61952K, used 61536K [0x00000000f0600000, 0x00000000ff780000, 0x0000000100000000)
  eden space 61440K, 100% used [0x00000000f0600000,0x00000000f4200000,0x00000000f4200000)
  from space 512K, 18% used [0x00000000ff680000,0x00000000ff698000,0x00000000ff700000)
  to   space 512K, 0% used [0x00000000ff700000,0x00000000ff700000,0x00000000ff780000)
 ParOldGen       total 32768K, used 728K [0x00000000d1200000, 0x00000000d3200000, 0x00000000f0600000)
  object space 32768K, 2% used [0x00000000d1200000,0x00000000d12b6050,0x00000000d3200000)
 Metaspace       used 4663K, capacity 4852K, committed 4992K, reserved 1056768K
  class space    used 527K, capacity 576K, committed 640K, reserved 1048576K
Event: 86.754 GC heap after
Heap after GC invocations=34 (full 0):
 PSYoungGen      total 59904K, used 64K [0x00000000f0600000, 0x00000000ff780000, 0x0000000100000000)
  eden space 59392K, 0% used [0x00000000f0600000,0x00000000f0600000,0x00000000f4000000)
  from space 512K, 12% used [0x00000000ff700000,0x00000000ff710000,0x00000000ff780000)
  to   space 512K, 0% used [0x00000000ff680000,0x00000000ff680000,0x00000000ff700000)
 ParOldGen       total 32768K, used 728K [0x00000000d1200000, 0x00000000d3200000, 0x00000000f0600000)
  object space 32768K, 2% used [0x00000000d1200000,0x00000000d12b6050,0x00000000d3200000)
 Metaspace       used 4663K, capacity 4852K, committed 4992K, reserved 1056768K
  class space    used 527K, capacity 576K, committed 640K, reserved 1048576K
}
Event: 89.097 GC heap before
{Heap before GC invocations=35 (full 0):
 PSYoungGen      total 59904K, used 59456K [0x00000000f0600000, 0x00000000ff780000, 0x0000000100000000)
  eden space 59392K, 100% used [0x00000000f0600000,0x00000000f4000000,0x00000000f4000000)
  from space 512K, 12% used [0x00000000ff700000,0x00000000ff710000,0x00000000ff780000)
  to   space 512K, 0% used [0x00000000ff680000,0x00000000ff680000,0x00000000ff700000)
 ParOldGen       total 32768K, used 728K [0x00000000d1200000, 0x00000000d3200000, 0x00000000f0600000)
  object space 32768K, 2% used [0x00000000d1200000,0x00000000d12b6050,0x00000000d3200000)
 Metaspace       used 4663K, capacity 4852K, committed 4992K, reserved 1056768K
  class space    used 527K, capacity 576K, committed 640K, reserved 1048576K
Event: 89.111 GC heap after
Heap after GC invocations=35 (full 0):
 PSYoungGen      total 57856K, used 32K [0x00000000f0600000, 0x00000000ff780000, 0x0000000100000000)
  eden space 57344K, 0% used [0x00000000f0600000,0x00000000f0600000,0x00000000f3e00000)
  from space 512K, 6% used [0x00000000ff680000,0x00000000ff688000,0x00000000ff700000)
  to   space 512K, 0% used [0x00000000ff700000,0x00000000ff700000,0x00000000ff780000)
 ParOldGen       total 32768K, used 728K [0x00000000d1200000, 0x00000000d3200000, 0x00000000f0600000)
  object space 32768K, 2% used [0x00000000d1200000,0x00000000d12b6050,0x00000000d3200000)
 Metaspace       used 4663K, capacity 4852K, committed 4992K, reserved 1056768K
  class space    used 527K, capacity 576K, committed 640K, reserved 1048576K
}

